{"/home/webreflection/code/domdiff/cjs/index.js":{"path":"/home/webreflection/code/domdiff/cjs/index.js","s":{"1":1,"2":559,"3":1,"4":104,"5":104,"6":104,"7":104,"8":104,"9":104,"10":104,"11":104,"12":104,"13":104,"14":462,"15":44,"16":418,"17":12,"18":406,"19":22,"20":384,"21":5,"22":379,"23":142,"24":142,"25":237,"26":52,"27":52,"28":185,"29":55,"30":55,"31":55,"32":130,"33":28,"34":28,"35":28,"36":102,"37":102,"38":57,"39":57,"40":45,"41":45,"42":45,"43":45,"44":104,"45":83,"46":32,"47":32,"48":32,"49":16,"50":16,"51":16,"52":48,"53":16,"54":51,"55":2,"56":51,"57":26,"58":25,"59":25,"60":25,"61":25,"62":104,"63":1},"b":{"1":[104,102],"2":[53,51],"3":[566,513],"4":[44,418],"5":[12,406],"6":[22,384],"7":[5,379],"8":[142,237],"9":[52,185],"10":[55,130],"11":[28,102],"12":[57,45],"13":[83,21],"14":[104,53],"15":[32,51],"16":[23,9],"17":[16,16],"18":[2,49],"19":[26,25]},"f":{},"fnMap":{},"statementMap":{"1":{"start":{"line":10,"column":0},"end":{"line":10,"column":24}},"2":{"start":{"line":10,"column":22},"end":{"line":10,"column":23}},"3":{"start":{"line":12,"column":0},"end":{"line":114,"column":2}},"4":{"start":{"line":19,"column":2},"end":{"line":19,"column":34}},"5":{"start":{"line":20,"column":2},"end":{"line":20,"column":64}},"6":{"start":{"line":21,"column":2},"end":{"line":21,"column":40}},"7":{"start":{"line":22,"column":2},"end":{"line":22,"column":43}},"8":{"start":{"line":23,"column":2},"end":{"line":23,"column":41}},"9":{"start":{"line":24,"column":2},"end":{"line":24,"column":48}},"10":{"start":{"line":25,"column":2},"end":{"line":25,"column":41}},"11":{"start":{"line":26,"column":2},"end":{"line":26,"column":39}},"12":{"start":{"line":27,"column":2},"end":{"line":27,"column":45}},"13":{"start":{"line":28,"column":2},"end":{"line":84,"column":3}},"14":{"start":{"line":29,"column":4},"end":{"line":83,"column":5}},"15":{"start":{"line":30,"column":6},"end":{"line":30,"column":54}},"16":{"start":{"line":32,"column":9},"end":{"line":83,"column":5}},"17":{"start":{"line":33,"column":6},"end":{"line":33,"column":50}},"18":{"start":{"line":35,"column":9},"end":{"line":83,"column":5}},"19":{"start":{"line":36,"column":6},"end":{"line":36,"column":51}},"20":{"start":{"line":38,"column":9},"end":{"line":83,"column":5}},"21":{"start":{"line":39,"column":6},"end":{"line":39,"column":47}},"22":{"start":{"line":41,"column":9},"end":{"line":83,"column":5}},"23":{"start":{"line":42,"column":6},"end":{"line":42,"column":54}},"24":{"start":{"line":43,"column":6},"end":{"line":43,"column":51}},"25":{"start":{"line":45,"column":9},"end":{"line":83,"column":5}},"26":{"start":{"line":46,"column":6},"end":{"line":46,"column":50}},"27":{"start":{"line":47,"column":6},"end":{"line":47,"column":47}},"28":{"start":{"line":49,"column":9},"end":{"line":83,"column":5}},"29":{"start":{"line":50,"column":6},"end":{"line":53,"column":8}},"30":{"start":{"line":54,"column":6},"end":{"line":54,"column":54}},"31":{"start":{"line":55,"column":6},"end":{"line":55,"column":47}},"32":{"start":{"line":57,"column":9},"end":{"line":83,"column":5}},"33":{"start":{"line":58,"column":6},"end":{"line":61,"column":8}},"34":{"start":{"line":62,"column":6},"end":{"line":62,"column":50}},"35":{"start":{"line":63,"column":6},"end":{"line":63,"column":51}},"36":{"start":{"line":66,"column":6},"end":{"line":66,"column":56}},"37":{"start":{"line":67,"column":6},"end":{"line":82,"column":7}},"38":{"start":{"line":68,"column":8},"end":{"line":71,"column":10}},"39":{"start":{"line":72,"column":8},"end":{"line":72,"column":53}},"40":{"start":{"line":75,"column":8},"end":{"line":75,"column":37}},"41":{"start":{"line":76,"column":8},"end":{"line":76,"column":35}},"42":{"start":{"line":77,"column":8},"end":{"line":80,"column":10}},"43":{"start":{"line":81,"column":8},"end":{"line":81,"column":53}},"44":{"start":{"line":85,"column":2},"end":{"line":112,"column":3}},"45":{"start":{"line":86,"column":4},"end":{"line":111,"column":5}},"46":{"start":{"line":87,"column":6},"end":{"line":87,"column":45}},"47":{"start":{"line":88,"column":6},"end":{"line":88,"column":55}},"48":{"start":{"line":89,"column":6},"end":{"line":98,"column":7}},"49":{"start":{"line":90,"column":8},"end":{"line":90,"column":73}},"50":{"start":{"line":93,"column":8},"end":{"line":93,"column":75}},"51":{"start":{"line":94,"column":8},"end":{"line":96,"column":9}},"52":{"start":{"line":95,"column":10},"end":{"line":95,"column":67}},"53":{"start":{"line":97,"column":8},"end":{"line":97,"column":49}},"54":{"start":{"line":101,"column":6},"end":{"line":101,"column":61}},"55":{"start":{"line":101,"column":46},"end":{"line":101,"column":61}},"56":{"start":{"line":102,"column":6},"end":{"line":110,"column":7}},"57":{"start":{"line":103,"column":8},"end":{"line":103,"column":68}},"58":{"start":{"line":106,"column":8},"end":{"line":106,"column":61}},"59":{"start":{"line":107,"column":8},"end":{"line":107,"column":66}},"60":{"start":{"line":108,"column":8},"end":{"line":108,"column":61}},"61":{"start":{"line":109,"column":8},"end":{"line":109,"column":31}},"62":{"start":{"line":113,"column":2},"end":{"line":113,"column":21}},"63":{"start":{"line":116,"column":0},"end":{"line":116,"column":78}}},"branchMap":{"1":{"line":19,"type":"binary-expr","locations":[{"start":{"line":19,"column":14},"end":{"line":19,"column":21}},{"start":{"line":19,"column":25},"end":{"line":19,"column":33}}]},"2":{"line":20,"type":"cond-expr","locations":[{"start":{"line":20,"column":38},"end":{"line":20,"column":42}},{"start":{"line":20,"column":45},"end":{"line":20,"column":63}}]},"3":{"line":28,"type":"binary-expr","locations":[{"start":{"line":28,"column":9},"end":{"line":28,"column":35}},{"start":{"line":28,"column":39},"end":{"line":28,"column":63}}]},"4":{"line":29,"type":"if","locations":[{"start":{"line":29,"column":4},"end":{"line":29,"column":4}},{"start":{"line":29,"column":4},"end":{"line":29,"column":4}}]},"5":{"line":32,"type":"if","locations":[{"start":{"line":32,"column":9},"end":{"line":32,"column":9}},{"start":{"line":32,"column":9},"end":{"line":32,"column":9}}]},"6":{"line":35,"type":"if","locations":[{"start":{"line":35,"column":9},"end":{"line":35,"column":9}},{"start":{"line":35,"column":9},"end":{"line":35,"column":9}}]},"7":{"line":38,"type":"if","locations":[{"start":{"line":38,"column":9},"end":{"line":38,"column":9}},{"start":{"line":38,"column":9},"end":{"line":38,"column":9}}]},"8":{"line":41,"type":"if","locations":[{"start":{"line":41,"column":9},"end":{"line":41,"column":9}},{"start":{"line":41,"column":9},"end":{"line":41,"column":9}}]},"9":{"line":45,"type":"if","locations":[{"start":{"line":45,"column":9},"end":{"line":45,"column":9}},{"start":{"line":45,"column":9},"end":{"line":45,"column":9}}]},"10":{"line":49,"type":"if","locations":[{"start":{"line":49,"column":9},"end":{"line":49,"column":9}},{"start":{"line":49,"column":9},"end":{"line":49,"column":9}}]},"11":{"line":57,"type":"if","locations":[{"start":{"line":57,"column":9},"end":{"line":57,"column":9}},{"start":{"line":57,"column":9},"end":{"line":57,"column":9}}]},"12":{"line":67,"type":"if","locations":[{"start":{"line":67,"column":6},"end":{"line":67,"column":6}},{"start":{"line":67,"column":6},"end":{"line":67,"column":6}}]},"13":{"line":85,"type":"if","locations":[{"start":{"line":85,"column":2},"end":{"line":85,"column":2}},{"start":{"line":85,"column":2},"end":{"line":85,"column":2}}]},"14":{"line":85,"type":"binary-expr","locations":[{"start":{"line":85,"column":6},"end":{"line":85,"column":32}},{"start":{"line":85,"column":36},"end":{"line":85,"column":60}}]},"15":{"line":86,"type":"if","locations":[{"start":{"line":86,"column":4},"end":{"line":86,"column":4}},{"start":{"line":86,"column":4},"end":{"line":86,"column":4}}]},"16":{"line":88,"type":"cond-expr","locations":[{"start":{"line":88,"column":34},"end":{"line":88,"column":40}},{"start":{"line":88,"column":43},"end":{"line":88,"column":54}}]},"17":{"line":89,"type":"if","locations":[{"start":{"line":89,"column":6},"end":{"line":89,"column":6}},{"start":{"line":89,"column":6},"end":{"line":89,"column":6}}]},"18":{"line":101,"type":"if","locations":[{"start":{"line":101,"column":6},"end":{"line":101,"column":6}},{"start":{"line":101,"column":6},"end":{"line":101,"column":6}}]},"19":{"line":102,"type":"if","locations":[{"start":{"line":102,"column":6},"end":{"line":102,"column":6}},{"start":{"line":102,"column":6},"end":{"line":102,"column":6}}]}}}}