{"/Users/agiammarchi/git/domdiff/cjs/index.js":{"path":"/Users/agiammarchi/git/domdiff/cjs/index.js","s":{"1":1,"2":847,"3":1,"4":531,"5":1,"6":25,"7":1,"8":24,"9":24,"10":24,"11":24,"12":1,"13":107,"14":54,"15":107,"16":107,"17":107,"18":107,"19":107,"20":107,"21":107,"22":107,"23":107,"24":107,"25":107,"26":424,"27":38,"28":386,"29":3,"30":383,"31":22,"32":361,"33":5,"34":356,"35":135,"36":135,"37":221,"38":52,"39":52,"40":169,"41":55,"42":55,"43":55,"44":114,"45":21,"46":21,"47":21,"48":93,"49":93,"50":55,"51":55,"52":38,"53":38,"54":38,"55":58,"56":58,"57":38,"58":13,"59":11,"60":2,"61":13,"62":13,"63":13,"64":13,"65":25,"66":25,"67":25,"68":25,"69":107,"70":86,"71":36,"72":36,"73":36,"74":13,"75":23,"76":23,"77":66,"78":23,"79":50,"80":2,"81":50,"82":27,"83":23,"84":107,"85":1},"b":{"1":[1,24],"2":[54,53],"3":[107,106],"4":[107,105],"5":[56,51],"6":[531,474],"7":[38,386],"8":[3,383],"9":[22,361],"10":[5,356],"11":[135,221],"12":[52,169],"13":[55,114],"14":[21,93],"15":[55,38],"16":[96,88,85],"17":[13,25],"18":[11,2],"19":[86,21],"20":[107,57],"21":[36,50],"22":[27,9],"23":[13,23],"24":[2,48],"25":[27,23]},"f":{},"fnMap":{},"statementMap":{"1":{"start":{"line":10,"column":0},"end":{"line":10,"column":30}},"2":{"start":{"line":10,"column":23},"end":{"line":10,"column":29}},"3":{"start":{"line":12,"column":0},"end":{"line":12,"column":24}},"4":{"start":{"line":12,"column":22},"end":{"line":12,"column":23}},"5":{"start":{"line":14,"column":0},"end":{"line":23,"column":2}},"6":{"start":{"line":15,"column":2},"end":{"line":22,"column":3}},"7":{"start":{"line":16,"column":4},"end":{"line":16,"column":44}},"8":{"start":{"line":18,"column":4},"end":{"line":18,"column":57}},"9":{"start":{"line":19,"column":4},"end":{"line":19,"column":42}},"10":{"start":{"line":20,"column":4},"end":{"line":20,"column":38}},"11":{"start":{"line":21,"column":4},"end":{"line":21,"column":27}},"12":{"start":{"line":25,"column":0},"end":{"line":159,"column":2}},"13":{"start":{"line":34,"column":2},"end":{"line":35,"column":17}},"14":{"start":{"line":35,"column":4},"end":{"line":35,"column":17}},"15":{"start":{"line":36,"column":2},"end":{"line":36,"column":42}},"16":{"start":{"line":37,"column":2},"end":{"line":37,"column":39}},"17":{"start":{"line":38,"column":2},"end":{"line":38,"column":72}},"18":{"start":{"line":39,"column":2},"end":{"line":39,"column":40}},"19":{"start":{"line":40,"column":2},"end":{"line":40,"column":43}},"20":{"start":{"line":41,"column":2},"end":{"line":41,"column":41}},"21":{"start":{"line":42,"column":2},"end":{"line":42,"column":48}},"22":{"start":{"line":43,"column":2},"end":{"line":43,"column":41}},"23":{"start":{"line":44,"column":2},"end":{"line":44,"column":39}},"24":{"start":{"line":45,"column":2},"end":{"line":45,"column":45}},"25":{"start":{"line":46,"column":2},"end":{"line":126,"column":3}},"26":{"start":{"line":47,"column":4},"end":{"line":125,"column":5}},"27":{"start":{"line":48,"column":6},"end":{"line":48,"column":54}},"28":{"start":{"line":50,"column":9},"end":{"line":125,"column":5}},"29":{"start":{"line":51,"column":6},"end":{"line":51,"column":50}},"30":{"start":{"line":53,"column":9},"end":{"line":125,"column":5}},"31":{"start":{"line":54,"column":6},"end":{"line":54,"column":51}},"32":{"start":{"line":56,"column":9},"end":{"line":125,"column":5}},"33":{"start":{"line":57,"column":6},"end":{"line":57,"column":47}},"34":{"start":{"line":59,"column":9},"end":{"line":125,"column":5}},"35":{"start":{"line":60,"column":6},"end":{"line":60,"column":54}},"36":{"start":{"line":61,"column":6},"end":{"line":61,"column":51}},"37":{"start":{"line":63,"column":9},"end":{"line":125,"column":5}},"38":{"start":{"line":64,"column":6},"end":{"line":64,"column":50}},"39":{"start":{"line":65,"column":6},"end":{"line":65,"column":47}},"40":{"start":{"line":67,"column":9},"end":{"line":125,"column":5}},"41":{"start":{"line":68,"column":6},"end":{"line":71,"column":8}},"42":{"start":{"line":72,"column":6},"end":{"line":72,"column":54}},"43":{"start":{"line":73,"column":6},"end":{"line":73,"column":47}},"44":{"start":{"line":75,"column":9},"end":{"line":125,"column":5}},"45":{"start":{"line":76,"column":6},"end":{"line":79,"column":8}},"46":{"start":{"line":80,"column":6},"end":{"line":80,"column":50}},"47":{"start":{"line":81,"column":6},"end":{"line":81,"column":51}},"48":{"start":{"line":84,"column":6},"end":{"line":84,"column":56}},"49":{"start":{"line":85,"column":6},"end":{"line":124,"column":7}},"50":{"start":{"line":86,"column":8},"end":{"line":89,"column":10}},"51":{"start":{"line":90,"column":8},"end":{"line":90,"column":53}},"52":{"start":{"line":93,"column":8},"end":{"line":93,"column":22}},"53":{"start":{"line":94,"column":8},"end":{"line":94,"column":28}},"54":{"start":{"line":95,"column":8},"end":{"line":102,"column":9}},"55":{"start":{"line":100,"column":10},"end":{"line":100,"column":14}},"56":{"start":{"line":101,"column":10},"end":{"line":101,"column":14}},"57":{"start":{"line":103,"column":8},"end":{"line":123,"column":9}},"58":{"start":{"line":104,"column":10},"end":{"line":113,"column":11}},"59":{"start":{"line":105,"column":12},"end":{"line":105,"column":62}},"60":{"start":{"line":107,"column":12},"end":{"line":112,"column":14}},"61":{"start":{"line":114,"column":10},"end":{"line":114,"column":27}},"62":{"start":{"line":115,"column":10},"end":{"line":115,"column":26}},"63":{"start":{"line":116,"column":10},"end":{"line":116,"column":45}},"64":{"start":{"line":117,"column":10},"end":{"line":117,"column":43}},"65":{"start":{"line":119,"column":10},"end":{"line":119,"column":41}},"66":{"start":{"line":120,"column":10},"end":{"line":120,"column":37}},"67":{"start":{"line":121,"column":10},"end":{"line":121,"column":72}},"68":{"start":{"line":122,"column":10},"end":{"line":122,"column":55}},"69":{"start":{"line":127,"column":2},"end":{"line":157,"column":3}},"70":{"start":{"line":128,"column":4},"end":{"line":156,"column":5}},"71":{"start":{"line":129,"column":6},"end":{"line":129,"column":45}},"72":{"start":{"line":130,"column":6},"end":{"line":130,"column":55}},"73":{"start":{"line":131,"column":6},"end":{"line":140,"column":7}},"74":{"start":{"line":132,"column":8},"end":{"line":132,"column":73}},"75":{"start":{"line":135,"column":8},"end":{"line":135,"column":75}},"76":{"start":{"line":136,"column":8},"end":{"line":138,"column":9}},"77":{"start":{"line":137,"column":10},"end":{"line":137,"column":67}},"78":{"start":{"line":139,"column":8},"end":{"line":139,"column":49}},"79":{"start":{"line":143,"column":6},"end":{"line":144,"column":23}},"80":{"start":{"line":144,"column":8},"end":{"line":144,"column":23}},"81":{"start":{"line":145,"column":6},"end":{"line":155,"column":7}},"82":{"start":{"line":146,"column":8},"end":{"line":146,"column":68}},"83":{"start":{"line":149,"column":8},"end":{"line":154,"column":10}},"84":{"start":{"line":158,"column":2},"end":{"line":158,"column":21}},"85":{"start":{"line":161,"column":0},"end":{"line":161,"column":78}}},"branchMap":{"1":{"line":15,"type":"if","locations":[{"start":{"line":15,"column":2},"end":{"line":15,"column":2}},{"start":{"line":15,"column":2},"end":{"line":15,"column":2}}]},"2":{"line":34,"type":"if","locations":[{"start":{"line":34,"column":2},"end":{"line":34,"column":2}},{"start":{"line":34,"column":2},"end":{"line":34,"column":2}}]},"3":{"line":36,"type":"binary-expr","locations":[{"start":{"line":36,"column":18},"end":{"line":36,"column":33}},{"start":{"line":36,"column":37},"end":{"line":36,"column":41}}]},"4":{"line":37,"type":"binary-expr","locations":[{"start":{"line":37,"column":14},"end":{"line":37,"column":26}},{"start":{"line":37,"column":30},"end":{"line":37,"column":38}}]},"5":{"line":38,"type":"cond-expr","locations":[{"start":{"line":38,"column":42},"end":{"line":38,"column":46}},{"start":{"line":38,"column":49},"end":{"line":38,"column":71}}]},"6":{"line":46,"type":"binary-expr","locations":[{"start":{"line":46,"column":9},"end":{"line":46,"column":35}},{"start":{"line":46,"column":39},"end":{"line":46,"column":63}}]},"7":{"line":47,"type":"if","locations":[{"start":{"line":47,"column":4},"end":{"line":47,"column":4}},{"start":{"line":47,"column":4},"end":{"line":47,"column":4}}]},"8":{"line":50,"type":"if","locations":[{"start":{"line":50,"column":9},"end":{"line":50,"column":9}},{"start":{"line":50,"column":9},"end":{"line":50,"column":9}}]},"9":{"line":53,"type":"if","locations":[{"start":{"line":53,"column":9},"end":{"line":53,"column":9}},{"start":{"line":53,"column":9},"end":{"line":53,"column":9}}]},"10":{"line":56,"type":"if","locations":[{"start":{"line":56,"column":9},"end":{"line":56,"column":9}},{"start":{"line":56,"column":9},"end":{"line":56,"column":9}}]},"11":{"line":59,"type":"if","locations":[{"start":{"line":59,"column":9},"end":{"line":59,"column":9}},{"start":{"line":59,"column":9},"end":{"line":59,"column":9}}]},"12":{"line":63,"type":"if","locations":[{"start":{"line":63,"column":9},"end":{"line":63,"column":9}},{"start":{"line":63,"column":9},"end":{"line":63,"column":9}}]},"13":{"line":67,"type":"if","locations":[{"start":{"line":67,"column":9},"end":{"line":67,"column":9}},{"start":{"line":67,"column":9},"end":{"line":67,"column":9}}]},"14":{"line":75,"type":"if","locations":[{"start":{"line":75,"column":9},"end":{"line":75,"column":9}},{"start":{"line":75,"column":9},"end":{"line":75,"column":9}}]},"15":{"line":85,"type":"if","locations":[{"start":{"line":85,"column":6},"end":{"line":85,"column":6}},{"start":{"line":85,"column":6},"end":{"line":85,"column":6}}]},"16":{"line":96,"type":"binary-expr","locations":[{"start":{"line":96,"column":10},"end":{"line":96,"column":25}},{"start":{"line":97,"column":10},"end":{"line":97,"column":24}},{"start":{"line":98,"column":10},"end":{"line":98,"column":44}}]},"17":{"line":103,"type":"if","locations":[{"start":{"line":103,"column":8},"end":{"line":103,"column":8}},{"start":{"line":103,"column":8},"end":{"line":103,"column":8}}]},"18":{"line":104,"type":"if","locations":[{"start":{"line":104,"column":10},"end":{"line":104,"column":10}},{"start":{"line":104,"column":10},"end":{"line":104,"column":10}}]},"19":{"line":127,"type":"if","locations":[{"start":{"line":127,"column":2},"end":{"line":127,"column":2}},{"start":{"line":127,"column":2},"end":{"line":127,"column":2}}]},"20":{"line":127,"type":"binary-expr","locations":[{"start":{"line":127,"column":6},"end":{"line":127,"column":32}},{"start":{"line":127,"column":36},"end":{"line":127,"column":60}}]},"21":{"line":128,"type":"if","locations":[{"start":{"line":128,"column":4},"end":{"line":128,"column":4}},{"start":{"line":128,"column":4},"end":{"line":128,"column":4}}]},"22":{"line":130,"type":"cond-expr","locations":[{"start":{"line":130,"column":34},"end":{"line":130,"column":40}},{"start":{"line":130,"column":43},"end":{"line":130,"column":54}}]},"23":{"line":131,"type":"if","locations":[{"start":{"line":131,"column":6},"end":{"line":131,"column":6}},{"start":{"line":131,"column":6},"end":{"line":131,"column":6}}]},"24":{"line":143,"type":"if","locations":[{"start":{"line":143,"column":6},"end":{"line":143,"column":6}},{"start":{"line":143,"column":6},"end":{"line":143,"column":6}}]},"25":{"line":145,"type":"if","locations":[{"start":{"line":145,"column":6},"end":{"line":145,"column":6}},{"start":{"line":145,"column":6},"end":{"line":145,"column":6}}]}}}}