TN:
SF:/home/webreflection/code/domdiff/cjs/index.js
FNF:0
FNH:0
DA:10,467
DA:12,1
DA:19,98
DA:20,98
DA:21,98
DA:22,98
DA:23,98
DA:24,98
DA:25,98
DA:26,98
DA:27,98
DA:28,98
DA:29,98
DA:30,447
DA:31,44
DA:32,44
DA:34,403
DA:35,11
DA:37,392
DA:38,22
DA:40,370
DA:41,5
DA:43,365
DA:44,140
DA:45,140
DA:46,140
DA:48,225
DA:49,50
DA:50,50
DA:52,175
DA:53,52
DA:57,52
DA:58,52
DA:59,52
DA:61,123
DA:62,27
DA:66,27
DA:67,27
DA:70,96
DA:71,96
DA:72,52
DA:76,52
DA:79,44
DA:80,44
DA:81,44
DA:85,44
DA:89,98
DA:90,52
DA:91,31
DA:92,31
DA:93,31
DA:94,15
DA:97,16
DA:98,16
DA:99,48
DA:101,16
DA:106,46
DA:107,46
DA:108,23
DA:111,23
DA:112,23
DA:113,23
DA:114,23
DA:117,98
DA:120,1
LF:65
LH:65
BRDA:19,1,0,98
BRDA:19,1,1,96
BRDA:20,2,0,50
BRDA:20,2,1,48
BRDA:29,3,0,545
BRDA:29,3,1,493
BRDA:30,4,0,44
BRDA:30,4,1,403
BRDA:34,5,0,11
BRDA:34,5,1,392
BRDA:37,6,0,22
BRDA:37,6,1,370
BRDA:40,7,0,5
BRDA:40,7,1,365
BRDA:43,8,0,140
BRDA:43,8,1,225
BRDA:48,9,0,50
BRDA:48,9,1,175
BRDA:52,10,0,52
BRDA:52,10,1,123
BRDA:61,11,0,27
BRDA:61,11,1,96
BRDA:64,12,0,27
BRDA:64,12,1,11
BRDA:71,13,0,52
BRDA:71,13,1,44
BRDA:74,14,0,52
BRDA:74,14,1,25
BRDA:83,15,0,44
BRDA:83,15,1,24
BRDA:89,16,0,52
BRDA:89,16,1,46
BRDA:90,17,0,31
BRDA:90,17,1,21
BRDA:92,18,0,22
BRDA:92,18,1,9
BRDA:93,19,0,15
BRDA:93,19,1,16
BRDA:106,20,0,48
BRDA:106,20,1,48
BRDA:107,21,0,23
BRDA:107,21,1,23
BRF:42
BRH:42
end_of_record
