TN:
SF:/home/webreflection/code/domdiff/cjs/index.js
FNF:0
FNH:0
DA:4,569
DA:6,1
DA:13,98
DA:14,98
DA:15,98
DA:16,98
DA:17,98
DA:18,98
DA:19,98
DA:20,98
DA:21,98
DA:22,98
DA:23,447
DA:24,44
DA:26,403
DA:27,11
DA:29,392
DA:30,22
DA:32,370
DA:33,5
DA:35,365
DA:36,140
DA:37,140
DA:39,225
DA:40,50
DA:41,50
DA:43,175
DA:44,52
DA:48,52
DA:49,52
DA:51,123
DA:52,27
DA:56,27
DA:57,27
DA:60,96
DA:61,96
DA:62,52
DA:66,52
DA:69,44
DA:73,44
DA:74,1
DA:79,44
DA:80,44
DA:85,44
DA:89,98
DA:90,52
DA:91,52
DA:92,52
DA:93,63
DA:97,63
DA:103,46
DA:104,46
DA:105,116
DA:106,116
DA:109,98
DA:112,1
LF:56
LH:56
BRDA:13,1,0,98
BRDA:13,1,1,96
BRDA:14,2,0,50
BRDA:14,2,1,48
BRDA:22,3,0,545
BRDA:22,3,1,493
BRDA:23,4,0,44
BRDA:23,4,1,403
BRDA:26,5,0,11
BRDA:26,5,1,392
BRDA:29,6,0,22
BRDA:29,6,1,370
BRDA:32,7,0,5
BRDA:32,7,1,365
BRDA:35,8,0,140
BRDA:35,8,1,225
BRDA:39,9,0,50
BRDA:39,9,1,175
BRDA:43,10,0,52
BRDA:43,10,1,123
BRDA:46,11,0,52
BRDA:46,11,1,9
BRDA:51,12,0,27
BRDA:51,12,1,96
BRDA:61,13,0,52
BRDA:61,13,1,44
BRDA:73,14,0,0
BRDA:73,14,1,44
BRDA:89,15,0,52
BRDA:89,15,1,46
BRDA:91,16,0,25
BRDA:91,16,1,27
BRDA:97,17,0,63
BRDA:97,17,1,0
BRDA:103,18,0,46
BRDA:103,18,1,0
BRDA:106,19,0,100
BRDA:106,19,1,16
BRF:38
BRH:38
end_of_record
